{"/sandbox/src/index.js": {"path":"/sandbox/src/index.js","statementMap":{"0":{"start":{"line":3,"column":0},"end":{"line":3,"column":19}},"1":{"start":{"line":4,"column":0},"end":{"line":4,"column":27}},"2":{"start":{"line":5,"column":0},"end":{"line":5,"column":28}},"3":{"start":{"line":6,"column":0},"end":{"line":6,"column":20}},"4":{"start":{"line":9,"column":0},"end":{"line":9,"column":61}},"5":{"start":{"line":10,"column":0},"end":{"line":10,"column":38}},"6":{"start":{"line":11,"column":0},"end":{"line":11,"column":46}},"7":{"start":{"line":14,"column":0},"end":{"line":14,"column":58}},"8":{"start":{"line":15,"column":0},"end":{"line":15,"column":50}},"9":{"start":{"line":17,"column":0},"end":{"line":100,"column":5}},"10":{"start":{"line":28,"column":6},"end":{"line":28,"column":51}},"11":{"start":{"line":29,"column":6},"end":{"line":29,"column":56}},"12":{"start":{"line":30,"column":6},"end":{"line":30,"column":51}},"13":{"start":{"line":37,"column":6},"end":{"line":58,"column":9}},"14":{"start":{"line":60,"column":6},"end":{"line":60,"column":40}},"15":{"start":{"line":67,"column":6},"end":{"line":67,"column":62}},"16":{"start":{"line":67,"column":26},"end":{"line":67,"column":61}},"17":{"start":{"line":68,"column":24},"end":{"line":70,"column":14}},"18":{"start":{"line":69,"column":8},"end":{"line":69,"column":39}},"19":{"start":{"line":71,"column":6},"end":{"line":71,"column":42}},"20":{"start":{"line":75,"column":21},"end":{"line":78,"column":5}},"21":{"start":{"line":77,"column":8},"end":{"line":77,"column":50}},"22":{"start":{"line":79,"column":62},"end":{"line":79,"column":78}},"23":{"start":{"line":80,"column":36},"end":{"line":80,"column":71}},"24":{"start":{"line":81,"column":29},"end":{"line":81,"column":69}},"25":{"start":{"line":83,"column":29},"end":{"line":83,"column":54}},"26":{"start":{"line":88,"column":8},"end":{"line":88,"column":35}},"27":{"start":{"line":89,"column":27},"end":{"line":89,"column":49}},"28":{"start":{"line":91,"column":18},"end":{"line":94,"column":5}},"29":{"start":{"line":96,"column":24},"end":{"line":97,"column":72}},"30":{"start":{"line":97,"column":6},"end":{"line":97,"column":72}},"31":{"start":{"line":98,"column":4},"end":{"line":98,"column":50}},"32":{"start":{"line":99,"column":4},"end":{"line":99,"column":41}}},"fnMap":{"0":{"name":"(anonymous_0)","decl":{"start":{"line":27,"column":4},"end":{"line":27,"column":5}},"loc":{"start":{"line":27,"column":67},"end":{"line":31,"column":5}},"line":27},"1":{"name":"(anonymous_1)","decl":{"start":{"line":36,"column":4},"end":{"line":36,"column":5}},"loc":{"start":{"line":36,"column":50},"end":{"line":61,"column":5}},"line":36},"2":{"name":"(anonymous_2)","decl":{"start":{"line":66,"column":4},"end":{"line":66,"column":5}},"loc":{"start":{"line":66,"column":32},"end":{"line":72,"column":5}},"line":66},"3":{"name":"(anonymous_3)","decl":{"start":{"line":67,"column":20},"end":{"line":67,"column":21}},"loc":{"start":{"line":67,"column":26},"end":{"line":67,"column":61}},"line":67},"4":{"name":"(anonymous_4)","decl":{"start":{"line":68,"column":41},"end":{"line":68,"column":42}},"loc":{"start":{"line":68,"column":52},"end":{"line":70,"column":7}},"line":68},"5":{"name":"(anonymous_5)","decl":{"start":{"line":74,"column":10},"end":{"line":74,"column":11}},"loc":{"start":{"line":74,"column":32},"end":{"line":100,"column":3}},"line":74},"6":{"name":"(anonymous_6)","decl":{"start":{"line":76,"column":15},"end":{"line":76,"column":16}},"loc":{"start":{"line":77,"column":8},"end":{"line":77,"column":50}},"line":77},"7":{"name":"(anonymous_7)","decl":{"start":{"line":96,"column":24},"end":{"line":96,"column":25}},"loc":{"start":{"line":97,"column":6},"end":{"line":97,"column":72}},"line":97}},"branchMap":{"0":{"loc":{"start":{"line":76,"column":16},"end":{"line":76,"column":25}},"type":"default-arg","locations":[{"start":{"line":76,"column":24},"end":{"line":76,"column":25}}],"line":76},"1":{"loc":{"start":{"line":77,"column":8},"end":{"line":77,"column":50}},"type":"cond-expr","locations":[{"start":{"line":77,"column":33},"end":{"line":77,"column":42}},{"start":{"line":77,"column":45},"end":{"line":77,"column":50}}],"line":77}},"s":{"0":1,"1":1,"2":1,"3":1,"4":1,"5":1,"6":1,"7":1,"8":1,"9":1,"10":1,"11":1,"12":1,"13":1,"14":1,"15":0,"16":0,"17":0,"18":0,"19":0,"20":1,"21":3,"22":1,"23":1,"24":1,"25":1,"26":1,"27":1,"28":1,"29":1,"30":1,"31":1,"32":1},"f":{"0":1,"1":1,"2":0,"3":0,"4":0,"5":1,"6":3,"7":1},"b":{"0":[3],"1":[0,3]},"_coverageSchema":"1a1c01bbd47fc00a2c39e90264f33305004495a9","hash":"02f58c37d59acb0bf645b29dcfe4822e15ba3dc1"}
,"/sandbox/src/scss/app.scss": {"path":"/sandbox/src/scss/app.scss","statementMap":{"0":{"start":{"line":1,"column":0},"end":{"line":1,"column":19}}},"fnMap":{},"branchMap":{},"s":{"0":1},"f":{},"b":{},"_coverageSchema":"1a1c01bbd47fc00a2c39e90264f33305004495a9","hash":"392bd49adf6361fdd97a0d188074da06a6617d6a"}
}
