TN:
SF:src/index.js
FN:27,(anonymous_0)
FN:36,(anonymous_1)
FN:66,(anonymous_2)
FN:67,(anonymous_3)
FN:68,(anonymous_4)
FN:74,(anonymous_5)
FN:76,(anonymous_6)
FN:96,(anonymous_7)
FNF:8
FNH:5
FNDA:1,(anonymous_0)
FNDA:1,(anonymous_1)
FNDA:0,(anonymous_2)
FNDA:0,(anonymous_3)
FNDA:0,(anonymous_4)
FNDA:1,(anonymous_5)
FNDA:3,(anonymous_6)
FNDA:1,(anonymous_7)
DA:3,1
DA:4,1
DA:5,1
DA:6,1
DA:9,1
DA:10,1
DA:11,1
DA:14,1
DA:15,1
DA:17,1
DA:28,1
DA:29,1
DA:30,1
DA:37,1
DA:60,1
DA:67,0
DA:68,0
DA:69,0
DA:71,0
DA:75,1
DA:77,3
DA:79,1
DA:80,1
DA:81,1
DA:83,1
DA:88,1
DA:89,1
DA:91,1
DA:96,1
DA:97,1
DA:98,1
DA:99,1
LF:32
LH:28
BRDA:76,0,0,3
BRDA:77,1,0,0
BRDA:77,1,1,3
BRF:3
BRH:2
end_of_record
TN:
SF:src/scss/app.scss
FNF:0
FNH:0
DA:1,1
LF:1
LH:1
BRF:0
BRH:0
end_of_record
